{"C:\\Users\\jovil\\Documents\\Github\\automatic-payment-assitant-sunat\\packages\\core\\src\\calculos.ts": {"path":"C:\\Users\\jovil\\Documents\\Github\\automatic-payment-assitant-sunat\\packages\\core\\src\\calculos.ts","all":false,"statementMap":{"11":{"start":{"line":12,"column":0},"end":{"line":12,"column":53}},"28":{"start":{"line":29,"column":0},"end":{"line":29,"column":81}},"29":{"start":{"line":30,"column":0},"end":{"line":30,"column":53}},"30":{"start":{"line":31,"column":0},"end":{"line":31,"column":42}},"31":{"start":{"line":32,"column":0},"end":{"line":32,"column":47}},"32":{"start":{"line":33,"column":0},"end":{"line":33,"column":48}},"33":{"start":{"line":34,"column":0},"end":{"line":34,"column":71}},"34":{"start":{"line":35,"column":0},"end":{"line":35,"column":18}},"35":{"start":{"line":36,"column":0},"end":{"line":36,"column":60}},"36":{"start":{"line":37,"column":0},"end":{"line":37,"column":23}},"37":{"start":{"line":38,"column":0},"end":{"line":38,"column":6}},"38":{"start":{"line":39,"column":0},"end":{"line":39,"column":3}},"39":{"start":{"line":40,"column":0},"end":{"line":40,"column":101}},"40":{"start":{"line":41,"column":0},"end":{"line":41,"column":1}},"47":{"start":{"line":48,"column":0},"end":{"line":48,"column":74}},"48":{"start":{"line":49,"column":0},"end":{"line":49,"column":24}},"49":{"start":{"line":50,"column":0},"end":{"line":50,"column":97}},"50":{"start":{"line":51,"column":0},"end":{"line":51,"column":67}},"51":{"start":{"line":52,"column":0},"end":{"line":52,"column":1}},"57":{"start":{"line":58,"column":0},"end":{"line":58,"column":94}},"58":{"start":{"line":59,"column":0},"end":{"line":59,"column":67}},"59":{"start":{"line":60,"column":0},"end":{"line":60,"column":67}},"60":{"start":{"line":61,"column":0},"end":{"line":61,"column":50}},"61":{"start":{"line":62,"column":0},"end":{"line":62,"column":1}}},"s":{"11":1,"28":1,"29":4,"30":4,"31":4,"32":4,"33":3,"34":3,"35":3,"36":3,"37":3,"38":3,"39":4,"40":4,"47":1,"48":3,"49":3,"50":3,"51":3,"57":1,"58":7,"59":7,"60":7,"61":7},"branchMap":{"0":{"type":"branch","line":29,"loc":{"start":{"line":29,"column":7},"end":{"line":41,"column":1}},"locations":[{"start":{"line":29,"column":7},"end":{"line":41,"column":1}}]},"1":{"type":"branch","line":33,"loc":{"start":{"line":33,"column":47},"end":{"line":39,"column":3}},"locations":[{"start":{"line":33,"column":47},"end":{"line":39,"column":3}}]},"2":{"type":"branch","line":40,"loc":{"start":{"line":40,"column":69},"end":{"line":40,"column":96}},"locations":[{"start":{"line":40,"column":69},"end":{"line":40,"column":96}}]},"3":{"type":"branch","line":40,"loc":{"start":{"line":40,"column":81},"end":{"line":40,"column":99}},"locations":[{"start":{"line":40,"column":81},"end":{"line":40,"column":99}}]},"4":{"type":"branch","line":48,"loc":{"start":{"line":48,"column":7},"end":{"line":52,"column":1}},"locations":[{"start":{"line":48,"column":7},"end":{"line":52,"column":1}}]},"5":{"type":"branch","line":50,"loc":{"start":{"line":50,"column":17},"end":{"line":50,"column":95}},"locations":[{"start":{"line":50,"column":17},"end":{"line":50,"column":95}}]},"6":{"type":"branch","line":50,"loc":{"start":{"line":50,"column":91},"end":{"line":50,"column":97}},"locations":[{"start":{"line":50,"column":91},"end":{"line":50,"column":97}}]},"7":{"type":"branch","line":58,"loc":{"start":{"line":58,"column":7},"end":{"line":62,"column":1}},"locations":[{"start":{"line":58,"column":7},"end":{"line":62,"column":1}}]},"8":{"type":"branch","line":61,"loc":{"start":{"line":61,"column":25},"end":{"line":61,"column":50}},"locations":[{"start":{"line":61,"column":25},"end":{"line":61,"column":50}}]}},"b":{"0":[4],"1":[3],"2":[3],"3":[1],"4":[3],"5":[2],"6":[1],"7":[7],"8":[5]},"fnMap":{"0":{"name":"computeFactura","decl":{"start":{"line":29,"column":7},"end":{"line":41,"column":1}},"loc":{"start":{"line":29,"column":7},"end":{"line":41,"column":1}},"line":29},"1":{"name":"computeRxh","decl":{"start":{"line":48,"column":7},"end":{"line":52,"column":1}},"loc":{"start":{"line":48,"column":7},"end":{"line":52,"column":1}},"line":48},"2":{"name":"isDetraccionDepositMatch","decl":{"start":{"line":58,"column":7},"end":{"line":62,"column":1}},"loc":{"start":{"line":58,"column":7},"end":{"line":62,"column":1}},"line":58}},"f":{"0":4,"1":3,"2":7}}
,"C:\\Users\\jovil\\Documents\\Github\\automatic-payment-assitant-sunat\\packages\\core\\src\\cronograma.ts": {"path":"C:\\Users\\jovil\\Documents\\Github\\automatic-payment-assitant-sunat\\packages\\core\\src\\cronograma.ts","all":false,"statementMap":{"0":{"start":{"line":1,"column":0},"end":{"line":1,"column":52}},"11":{"start":{"line":12,"column":0},"end":{"line":12,"column":57}},"12":{"start":{"line":13,"column":0},"end":{"line":13,"column":33}},"13":{"start":{"line":14,"column":0},"end":{"line":14,"column":33}},"14":{"start":{"line":15,"column":0},"end":{"line":15,"column":33}},"15":{"start":{"line":16,"column":0},"end":{"line":16,"column":33}},"16":{"start":{"line":17,"column":0},"end":{"line":17,"column":33}},"17":{"start":{"line":18,"column":0},"end":{"line":18,"column":33}},"18":{"start":{"line":19,"column":0},"end":{"line":19,"column":33}},"19":{"start":{"line":20,"column":0},"end":{"line":20,"column":33}},"20":{"start":{"line":21,"column":0},"end":{"line":21,"column":33}},"21":{"start":{"line":22,"column":0},"end":{"line":22,"column":33}},"22":{"start":{"line":23,"column":0},"end":{"line":23,"column":33}},"23":{"start":{"line":24,"column":0},"end":{"line":24,"column":33}},"24":{"start":{"line":25,"column":0},"end":{"line":25,"column":2}},"26":{"start":{"line":27,"column":0},"end":{"line":27,"column":78}},"27":{"start":{"line":28,"column":0},"end":{"line":28,"column":45}},"28":{"start":{"line":29,"column":0},"end":{"line":29,"column":78}},"29":{"start":{"line":30,"column":0},"end":{"line":30,"column":28}},"30":{"start":{"line":31,"column":0},"end":{"line":31,"column":29}},"31":{"start":{"line":32,"column":0},"end":{"line":32,"column":101}},"32":{"start":{"line":33,"column":0},"end":{"line":33,"column":25}},"33":{"start":{"line":34,"column":0},"end":{"line":34,"column":1}},"36":{"start":{"line":37,"column":0},"end":{"line":37,"column":82}},"37":{"start":{"line":38,"column":0},"end":{"line":38,"column":82}},"38":{"start":{"line":39,"column":0},"end":{"line":39,"column":1}},"40":{"start":{"line":41,"column":0},"end":{"line":41,"column":100}},"41":{"start":{"line":42,"column":0},"end":{"line":42,"column":44}},"42":{"start":{"line":43,"column":0},"end":{"line":43,"column":62}},"43":{"start":{"line":44,"column":0},"end":{"line":44,"column":46}},"44":{"start":{"line":45,"column":0},"end":{"line":45,"column":38}},"45":{"start":{"line":46,"column":0},"end":{"line":46,"column":73}},"46":{"start":{"line":47,"column":0},"end":{"line":47,"column":67}},"47":{"start":{"line":48,"column":0},"end":{"line":48,"column":1}},"50":{"start":{"line":51,"column":0},"end":{"line":51,"column":72}},"51":{"start":{"line":52,"column":0},"end":{"line":52,"column":64}},"52":{"start":{"line":53,"column":0},"end":{"line":53,"column":38}},"53":{"start":{"line":54,"column":0},"end":{"line":54,"column":57}},"54":{"start":{"line":55,"column":0},"end":{"line":55,"column":1}}},"s":{"0":1,"11":1,"12":1,"13":1,"14":1,"15":1,"16":1,"17":1,"18":1,"19":1,"20":1,"21":1,"22":1,"23":1,"24":1,"26":1,"27":8,"28":8,"29":7,"30":7,"31":8,"32":6,"33":6,"36":5,"37":5,"38":5,"40":1,"41":17,"42":17,"43":5,"44":5,"45":5,"46":5,"47":5,"50":1,"51":2,"52":2,"53":2,"54":2},"branchMap":{"0":{"type":"branch","line":27,"loc":{"start":{"line":27,"column":7},"end":{"line":34,"column":1}},"locations":[{"start":{"line":27,"column":7},"end":{"line":34,"column":1}}]},"1":{"type":"branch","line":29,"loc":{"start":{"line":29,"column":10},"end":{"line":29,"column":78}},"locations":[{"start":{"line":29,"column":10},"end":{"line":29,"column":78}}]},"2":{"type":"branch","line":29,"loc":{"start":{"line":29,"column":76},"end":{"line":32,"column":31}},"locations":[{"start":{"line":29,"column":76},"end":{"line":32,"column":31}}]},"3":{"type":"branch","line":32,"loc":{"start":{"line":32,"column":31},"end":{"line":32,"column":101}},"locations":[{"start":{"line":32,"column":31},"end":{"line":32,"column":101}}]},"4":{"type":"branch","line":32,"loc":{"start":{"line":32,"column":99},"end":{"line":34,"column":1}},"locations":[{"start":{"line":32,"column":99},"end":{"line":34,"column":1}}]},"5":{"type":"branch","line":37,"loc":{"start":{"line":37,"column":0},"end":{"line":39,"column":1}},"locations":[{"start":{"line":37,"column":0},"end":{"line":39,"column":1}}]},"6":{"type":"branch","line":38,"loc":{"start":{"line":38,"column":19},"end":{"line":38,"column":55}},"locations":[{"start":{"line":38,"column":19},"end":{"line":38,"column":55}}]},"7":{"type":"branch","line":38,"loc":{"start":{"line":38,"column":51},"end":{"line":38,"column":82}},"locations":[{"start":{"line":38,"column":51},"end":{"line":38,"column":82}}]},"8":{"type":"branch","line":41,"loc":{"start":{"line":41,"column":7},"end":{"line":48,"column":1}},"locations":[{"start":{"line":41,"column":7},"end":{"line":48,"column":1}}]},"9":{"type":"branch","line":42,"loc":{"start":{"line":42,"column":33},"end":{"line":42,"column":44}},"locations":[{"start":{"line":42,"column":33},"end":{"line":42,"column":44}}]},"10":{"type":"branch","line":43,"loc":{"start":{"line":43,"column":16},"end":{"line":43,"column":62}},"locations":[{"start":{"line":43,"column":16},"end":{"line":43,"column":62}}]},"11":{"type":"branch","line":43,"loc":{"start":{"line":43,"column":60},"end":{"line":48,"column":1}},"locations":[{"start":{"line":43,"column":60},"end":{"line":48,"column":1}}]},"12":{"type":"branch","line":51,"loc":{"start":{"line":51,"column":7},"end":{"line":55,"column":1}},"locations":[{"start":{"line":51,"column":7},"end":{"line":55,"column":1}}]}},"b":{"0":[8],"1":[1],"2":[7],"3":[1],"4":[6],"5":[5],"6":[1],"7":[4],"8":[17],"9":[13],"10":[12],"11":[5],"12":[2]},"fnMap":{"0":{"name":"parsePeriod","decl":{"start":{"line":27,"column":7},"end":{"line":34,"column":1}},"loc":{"start":{"line":27,"column":7},"end":{"line":34,"column":1}},"line":27},"1":{"name":"nextMonth","decl":{"start":{"line":37,"column":0},"end":{"line":39,"column":1}},"loc":{"start":{"line":37,"column":0},"end":{"line":39,"column":1}},"line":37},"2":{"name":"getDueDate","decl":{"start":{"line":41,"column":7},"end":{"line":48,"column":1}},"loc":{"start":{"line":41,"column":7},"end":{"line":48,"column":1}},"line":41},"3":{"name":"detraccionDepositDueDate","decl":{"start":{"line":51,"column":7},"end":{"line":55,"column":1}},"loc":{"start":{"line":51,"column":7},"end":{"line":55,"column":1}},"line":51}},"f":{"0":8,"1":5,"2":17,"3":2}}
,"C:\\Users\\jovil\\Documents\\Github\\automatic-payment-assitant-sunat\\packages\\core\\src\\feriados.ts": {"path":"C:\\Users\\jovil\\Documents\\Github\\automatic-payment-assitant-sunat\\packages\\core\\src\\feriados.ts","all":false,"statementMap":{"7":{"start":{"line":8,"column":0},"end":{"line":8,"column":54}},"9":{"start":{"line":10,"column":0},"end":{"line":10,"column":28}},"10":{"start":{"line":11,"column":0},"end":{"line":11,"column":31}},"11":{"start":{"line":12,"column":0},"end":{"line":12,"column":32}},"12":{"start":{"line":13,"column":0},"end":{"line":13,"column":34}},"13":{"start":{"line":14,"column":0},"end":{"line":14,"column":55}},"14":{"start":{"line":15,"column":0},"end":{"line":15,"column":40}},"15":{"start":{"line":16,"column":0},"end":{"line":16,"column":41}},"16":{"start":{"line":17,"column":0},"end":{"line":17,"column":34}},"17":{"start":{"line":18,"column":0},"end":{"line":18,"column":34}},"18":{"start":{"line":19,"column":0},"end":{"line":19,"column":35}},"19":{"start":{"line":20,"column":0},"end":{"line":20,"column":37}},"20":{"start":{"line":21,"column":0},"end":{"line":21,"column":37}},"21":{"start":{"line":22,"column":0},"end":{"line":22,"column":35}},"22":{"start":{"line":23,"column":0},"end":{"line":23,"column":40}},"23":{"start":{"line":24,"column":0},"end":{"line":24,"column":38}},"24":{"start":{"line":25,"column":0},"end":{"line":25,"column":26}},"26":{"start":{"line":27,"column":0},"end":{"line":27,"column":28}},"27":{"start":{"line":28,"column":0},"end":{"line":28,"column":31}},"28":{"start":{"line":29,"column":0},"end":{"line":29,"column":32}},"29":{"start":{"line":30,"column":0},"end":{"line":30,"column":34}},"30":{"start":{"line":31,"column":0},"end":{"line":31,"column":55}},"31":{"start":{"line":32,"column":0},"end":{"line":32,"column":40}},"32":{"start":{"line":33,"column":0},"end":{"line":33,"column":41}},"33":{"start":{"line":34,"column":0},"end":{"line":34,"column":34}},"34":{"start":{"line":35,"column":0},"end":{"line":35,"column":34}},"35":{"start":{"line":36,"column":0},"end":{"line":36,"column":35}},"36":{"start":{"line":37,"column":0},"end":{"line":37,"column":37}},"37":{"start":{"line":38,"column":0},"end":{"line":38,"column":37}},"38":{"start":{"line":39,"column":0},"end":{"line":39,"column":35}},"39":{"start":{"line":40,"column":0},"end":{"line":40,"column":40}},"40":{"start":{"line":41,"column":0},"end":{"line":41,"column":38}},"41":{"start":{"line":42,"column":0},"end":{"line":42,"column":26}},"42":{"start":{"line":43,"column":0},"end":{"line":43,"column":3}}},"s":{"7":1,"9":1,"10":1,"11":1,"12":1,"13":1,"14":1,"15":1,"16":1,"17":1,"18":1,"19":1,"20":1,"21":1,"22":1,"23":1,"24":1,"26":1,"27":1,"28":1,"29":1,"30":1,"31":1,"32":1,"33":1,"34":1,"35":1,"36":1,"37":1,"38":1,"39":1,"40":1,"41":1,"42":1},"branchMap":{},"b":{},"fnMap":{},"f":{}}
,"C:\\Users\\jovil\\Documents\\Github\\automatic-payment-assitant-sunat\\packages\\core\\src\\habiles.ts": {"path":"C:\\Users\\jovil\\Documents\\Github\\automatic-payment-assitant-sunat\\packages\\core\\src\\habiles.ts","all":false,"statementMap":{"0":{"start":{"line":1,"column":0},"end":{"line":1,"column":63}},"6":{"start":{"line":7,"column":0},"end":{"line":7,"column":26}},"8":{"start":{"line":9,"column":0},"end":{"line":9,"column":35}},"9":{"start":{"line":10,"column":0},"end":{"line":10,"column":38}},"10":{"start":{"line":11,"column":0},"end":{"line":11,"column":1}},"12":{"start":{"line":13,"column":0},"end":{"line":13,"column":60}},"13":{"start":{"line":14,"column":0},"end":{"line":14,"column":83}},"14":{"start":{"line":15,"column":0},"end":{"line":15,"column":1}},"16":{"start":{"line":17,"column":0},"end":{"line":17,"column":53}},"17":{"start":{"line":18,"column":0},"end":{"line":18,"column":37}},"18":{"start":{"line":19,"column":0},"end":{"line":19,"column":43}},"19":{"start":{"line":20,"column":0},"end":{"line":20,"column":28}},"20":{"start":{"line":21,"column":0},"end":{"line":21,"column":1}},"23":{"start":{"line":24,"column":0},"end":{"line":24,"column":58}},"24":{"start":{"line":25,"column":0},"end":{"line":25,"column":14}},"25":{"start":{"line":26,"column":0},"end":{"line":26,"column":46}},"26":{"start":{"line":27,"column":0},"end":{"line":27,"column":11}},"27":{"start":{"line":28,"column":0},"end":{"line":28,"column":1}},"30":{"start":{"line":31,"column":0},"end":{"line":31,"column":87}},"31":{"start":{"line":32,"column":0},"end":{"line":32,"column":57}},"32":{"start":{"line":33,"column":0},"end":{"line":33,"column":16}},"33":{"start":{"line":34,"column":0},"end":{"line":34,"column":12}},"34":{"start":{"line":35,"column":0},"end":{"line":35,"column":27}},"35":{"start":{"line":36,"column":0},"end":{"line":36,"column":17}},"36":{"start":{"line":37,"column":0},"end":{"line":37,"column":32}},"37":{"start":{"line":38,"column":0},"end":{"line":38,"column":5}},"38":{"start":{"line":39,"column":0},"end":{"line":39,"column":22}},"39":{"start":{"line":40,"column":0},"end":{"line":40,"column":3}},"40":{"start":{"line":41,"column":0},"end":{"line":41,"column":1}},"43":{"start":{"line":44,"column":0},"end":{"line":44,"column":80}},"44":{"start":{"line":45,"column":0},"end":{"line":45,"column":16}},"45":{"start":{"line":46,"column":0},"end":{"line":46,"column":19}},"46":{"start":{"line":47,"column":0},"end":{"line":47,"column":25}},"47":{"start":{"line":48,"column":0},"end":{"line":48,"column":22}},"48":{"start":{"line":49,"column":0},"end":{"line":49,"column":55}},"49":{"start":{"line":50,"column":0},"end":{"line":50,"column":3}},"50":{"start":{"line":51,"column":0},"end":{"line":51,"column":15}},"51":{"start":{"line":52,"column":0},"end":{"line":52,"column":1}}},"s":{"0":1,"6":1,"8":98,"9":98,"10":98,"12":1,"13":42,"14":42,"16":1,"17":56,"18":56,"19":38,"20":38,"23":1,"24":5,"25":5,"26":5,"27":5,"30":1,"31":5,"32":5,"33":5,"34":38,"35":20,"36":20,"37":20,"38":33,"39":33,"40":5,"43":1,"44":3,"45":3,"46":3,"47":3,"48":3,"49":3,"50":3,"51":3},"branchMap":{"0":{"type":"branch","line":9,"loc":{"start":{"line":9,"column":0},"end":{"line":11,"column":1}},"locations":[{"start":{"line":9,"column":0},"end":{"line":11,"column":1}}]},"1":{"type":"branch","line":13,"loc":{"start":{"line":13,"column":7},"end":{"line":15,"column":1}},"locations":[{"start":{"line":13,"column":7},"end":{"line":15,"column":1}}]},"2":{"type":"branch","line":17,"loc":{"start":{"line":17,"column":7},"end":{"line":21,"column":1}},"locations":[{"start":{"line":17,"column":7},"end":{"line":21,"column":1}}]},"3":{"type":"branch","line":19,"loc":{"start":{"line":19,"column":14},"end":{"line":19,"column":30}},"locations":[{"start":{"line":19,"column":14},"end":{"line":19,"column":30}}]},"4":{"type":"branch","line":19,"loc":{"start":{"line":19,"column":30},"end":{"line":19,"column":43}},"locations":[{"start":{"line":19,"column":30},"end":{"line":19,"column":43}}]},"5":{"type":"branch","line":19,"loc":{"start":{"line":19,"column":37},"end":{"line":21,"column":1}},"locations":[{"start":{"line":19,"column":37},"end":{"line":21,"column":1}}]},"6":{"type":"branch","line":24,"loc":{"start":{"line":24,"column":7},"end":{"line":28,"column":1}},"locations":[{"start":{"line":24,"column":7},"end":{"line":28,"column":1}}]},"7":{"type":"branch","line":26,"loc":{"start":{"line":26,"column":28},"end":{"line":26,"column":46}},"locations":[{"start":{"line":26,"column":28},"end":{"line":26,"column":46}}]},"8":{"type":"branch","line":31,"loc":{"start":{"line":31,"column":7},"end":{"line":41,"column":1}},"locations":[{"start":{"line":31,"column":7},"end":{"line":41,"column":1}}]},"9":{"type":"branch","line":34,"loc":{"start":{"line":34,"column":11},"end":{"line":40,"column":3}},"locations":[{"start":{"line":34,"column":11},"end":{"line":40,"column":3}}]},"10":{"type":"branch","line":35,"loc":{"start":{"line":35,"column":26},"end":{"line":38,"column":5}},"locations":[{"start":{"line":35,"column":26},"end":{"line":38,"column":5}}]},"11":{"type":"branch","line":37,"loc":{"start":{"line":37,"column":23},"end":{"line":37,"column":32}},"locations":[{"start":{"line":37,"column":23},"end":{"line":37,"column":32}}]},"12":{"type":"branch","line":38,"loc":{"start":{"line":38,"column":4},"end":{"line":40,"column":3}},"locations":[{"start":{"line":38,"column":4},"end":{"line":40,"column":3}}]},"13":{"type":"branch","line":44,"loc":{"start":{"line":44,"column":7},"end":{"line":52,"column":1}},"locations":[{"start":{"line":44,"column":7},"end":{"line":52,"column":1}}]},"14":{"type":"branch","line":49,"loc":{"start":{"line":49,"column":44},"end":{"line":49,"column":55}},"locations":[{"start":{"line":49,"column":44},"end":{"line":49,"column":55}}]}},"b":{"0":[98],"1":[42],"2":[56],"3":[46],"4":[18],"5":[38],"6":[5],"7":[4],"8":[5],"9":[38],"10":[20],"11":[5],"12":[33],"13":[3],"14":[1]},"fnMap":{"0":{"name":"toUtc","decl":{"start":{"line":9,"column":0},"end":{"line":11,"column":1}},"loc":{"start":{"line":9,"column":0},"end":{"line":11,"column":1}},"line":9},"1":{"name":"addDays","decl":{"start":{"line":13,"column":7},"end":{"line":15,"column":1}},"loc":{"start":{"line":13,"column":7},"end":{"line":15,"column":1}},"line":13},"2":{"name":"isBusinessDay","decl":{"start":{"line":17,"column":7},"end":{"line":21,"column":1}},"loc":{"start":{"line":17,"column":7},"end":{"line":21,"column":1}},"line":17},"3":{"name":"nextBusinessDayFrom","decl":{"start":{"line":24,"column":7},"end":{"line":28,"column":1}},"loc":{"start":{"line":24,"column":7},"end":{"line":28,"column":1}},"line":24},"4":{"name":"nthBusinessDayOfMonth","decl":{"start":{"line":31,"column":7},"end":{"line":41,"column":1}},"loc":{"start":{"line":31,"column":7},"end":{"line":41,"column":1}},"line":31},"5":{"name":"businessDaysUntil","decl":{"start":{"line":44,"column":7},"end":{"line":52,"column":1}},"loc":{"start":{"line":44,"column":7},"end":{"line":52,"column":1}},"line":44}},"f":{"0":98,"1":42,"2":56,"3":5,"4":5,"5":3}}
,"C:\\Users\\jovil\\Documents\\Github\\automatic-payment-assitant-sunat\\packages\\core\\src\\index.ts": {"path":"C:\\Users\\jovil\\Documents\\Github\\automatic-payment-assitant-sunat\\packages\\core\\src\\index.ts","all":true,"statementMap":{"0":{"start":{"line":1,"column":0},"end":{"line":1,"column":24}},"1":{"start":{"line":2,"column":0},"end":{"line":2,"column":27}},"2":{"start":{"line":3,"column":0},"end":{"line":3,"column":26}},"3":{"start":{"line":4,"column":0},"end":{"line":4,"column":29}},"4":{"start":{"line":5,"column":0},"end":{"line":5,"column":27}},"5":{"start":{"line":6,"column":0},"end":{"line":6,"column":26}},"6":{"start":{"line":7,"column":0},"end":{"line":7,"column":29}}},"s":{"0":0,"1":0,"2":0,"3":0,"4":0,"5":0,"6":0},"branchMap":{"0":{"type":"branch","line":1,"loc":{"start":{"line":1,"column":194},"end":{"line":7,"column":29}},"locations":[{"start":{"line":1,"column":194},"end":{"line":7,"column":29}}]}},"b":{"0":[0]},"fnMap":{"0":{"name":"(empty-report)","decl":{"start":{"line":1,"column":194},"end":{"line":7,"column":29}},"loc":{"start":{"line":1,"column":194},"end":{"line":7,"column":29}},"line":1}},"f":{"0":0}}
,"C:\\Users\\jovil\\Documents\\Github\\automatic-payment-assitant-sunat\\packages\\core\\src\\money.ts": {"path":"C:\\Users\\jovil\\Documents\\Github\\automatic-payment-assitant-sunat\\packages\\core\\src\\money.ts","all":false,"statementMap":{"2":{"start":{"line":3,"column":0},"end":{"line":3,"column":48}},"3":{"start":{"line":4,"column":0},"end":{"line":4,"column":33}},"4":{"start":{"line":5,"column":0},"end":{"line":5,"column":1}},"6":{"start":{"line":7,"column":0},"end":{"line":7,"column":50}},"7":{"start":{"line":8,"column":0},"end":{"line":8,"column":21}},"8":{"start":{"line":9,"column":0},"end":{"line":9,"column":1}},"10":{"start":{"line":11,"column":0},"end":{"line":11,"column":50}},"11":{"start":{"line":12,"column":0},"end":{"line":12,"column":27}},"12":{"start":{"line":13,"column":0},"end":{"line":13,"column":27}},"13":{"start":{"line":14,"column":0},"end":{"line":14,"column":3}},"16":{"start":{"line":17,"column":0},"end":{"line":17,"column":50}},"17":{"start":{"line":18,"column":0},"end":{"line":18,"column":47}},"18":{"start":{"line":19,"column":0},"end":{"line":19,"column":1}}},"s":{"2":1,"3":4,"4":4,"6":1,"7":2,"8":2,"10":1,"11":1,"12":1,"13":1,"16":1,"17":3,"18":3},"branchMap":{"0":{"type":"branch","line":3,"loc":{"start":{"line":3,"column":7},"end":{"line":5,"column":1}},"locations":[{"start":{"line":3,"column":7},"end":{"line":5,"column":1}}]},"1":{"type":"branch","line":7,"loc":{"start":{"line":7,"column":7},"end":{"line":9,"column":1}},"locations":[{"start":{"line":7,"column":7},"end":{"line":9,"column":1}}]},"2":{"type":"branch","line":17,"loc":{"start":{"line":17,"column":7},"end":{"line":19,"column":1}},"locations":[{"start":{"line":17,"column":7},"end":{"line":19,"column":1}}]}},"b":{"0":[4],"1":[2],"2":[3]},"fnMap":{"0":{"name":"toCents","decl":{"start":{"line":3,"column":7},"end":{"line":5,"column":1}},"loc":{"start":{"line":3,"column":7},"end":{"line":5,"column":1}},"line":3},"1":{"name":"fromCents","decl":{"start":{"line":7,"column":7},"end":{"line":9,"column":1}},"loc":{"start":{"line":7,"column":7},"end":{"line":9,"column":1}},"line":7},"2":{"name":"formatPen","decl":{"start":{"line":17,"column":7},"end":{"line":19,"column":1}},"loc":{"start":{"line":17,"column":7},"end":{"line":19,"column":1}},"line":17}},"f":{"0":4,"1":2,"2":3}}
,"C:\\Users\\jovil\\Documents\\Github\\automatic-payment-assitant-sunat\\packages\\core\\src\\proyeccion.ts": {"path":"C:\\Users\\jovil\\Documents\\Github\\automatic-payment-assitant-sunat\\packages\\core\\src\\proyeccion.ts","all":false,"statementMap":{"17":{"start":{"line":18,"column":0},"end":{"line":18,"column":85}},"18":{"start":{"line":19,"column":0},"end":{"line":19,"column":34}},"19":{"start":{"line":20,"column":0},"end":{"line":20,"column":6}},"20":{"start":{"line":21,"column":0},"end":{"line":21,"column":70}},"21":{"start":{"line":22,"column":0},"end":{"line":22,"column":4}},"22":{"start":{"line":23,"column":0},"end":{"line":23,"column":38}},"23":{"start":{"line":24,"column":0},"end":{"line":24,"column":25}},"24":{"start":{"line":25,"column":0},"end":{"line":25,"column":33}},"25":{"start":{"line":26,"column":0},"end":{"line":26,"column":40}},"26":{"start":{"line":27,"column":0},"end":{"line":27,"column":79}},"27":{"start":{"line":28,"column":0},"end":{"line":28,"column":10}},"28":{"start":{"line":29,"column":0},"end":{"line":29,"column":19}},"29":{"start":{"line":30,"column":0},"end":{"line":30,"column":20}},"30":{"start":{"line":31,"column":0},"end":{"line":31,"column":71}},"31":{"start":{"line":32,"column":0},"end":{"line":32,"column":79}},"32":{"start":{"line":33,"column":0},"end":{"line":33,"column":4}},"33":{"start":{"line":34,"column":0},"end":{"line":34,"column":1}}},"s":{"17":1,"18":4,"19":4,"20":4,"21":4,"22":4,"23":4,"24":4,"25":3,"26":1,"27":4,"28":4,"29":4,"30":4,"31":4,"32":4,"33":4},"branchMap":{"0":{"type":"branch","line":18,"loc":{"start":{"line":18,"column":7},"end":{"line":34,"column":1}},"locations":[{"start":{"line":18,"column":7},"end":{"line":34,"column":1}}]},"1":{"type":"branch","line":25,"loc":{"start":{"line":25,"column":22},"end":{"line":26,"column":40}},"locations":[{"start":{"line":25,"column":22},"end":{"line":26,"column":40}}]},"2":{"type":"branch","line":26,"loc":{"start":{"line":26,"column":39},"end":{"line":27,"column":79}},"locations":[{"start":{"line":26,"column":39},"end":{"line":27,"column":79}}]}},"b":{"0":[4],"1":[3],"2":[1]},"fnMap":{"0":{"name":"computeAnnualProjection","decl":{"start":{"line":18,"column":7},"end":{"line":34,"column":1}},"loc":{"start":{"line":18,"column":7},"end":{"line":34,"column":1}},"line":18}},"f":{"0":4}}
,"C:\\Users\\jovil\\Documents\\Github\\automatic-payment-assitant-sunat\\packages\\core\\src\\summary.ts": {"path":"C:\\Users\\jovil\\Documents\\Github\\automatic-payment-assitant-sunat\\packages\\core\\src\\summary.ts","all":false,"statementMap":{"31":{"start":{"line":32,"column":0},"end":{"line":32,"column":37}},"32":{"start":{"line":33,"column":0},"end":{"line":33,"column":32}},"33":{"start":{"line":34,"column":0},"end":{"line":34,"column":34}},"34":{"start":{"line":35,"column":0},"end":{"line":35,"column":18}},"35":{"start":{"line":36,"column":0},"end":{"line":36,"column":30}},"36":{"start":{"line":37,"column":0},"end":{"line":37,"column":18}},"37":{"start":{"line":38,"column":0},"end":{"line":38,"column":89}},"38":{"start":{"line":39,"column":0},"end":{"line":39,"column":72}},"39":{"start":{"line":40,"column":0},"end":{"line":40,"column":70}},"40":{"start":{"line":41,"column":0},"end":{"line":41,"column":61}},"41":{"start":{"line":42,"column":0},"end":{"line":42,"column":75}},"42":{"start":{"line":43,"column":0},"end":{"line":43,"column":73}},"44":{"start":{"line":45,"column":0},"end":{"line":45,"column":96}},"45":{"start":{"line":46,"column":0},"end":{"line":46,"column":98}},"46":{"start":{"line":47,"column":0},"end":{"line":47,"column":73}},"47":{"start":{"line":48,"column":0},"end":{"line":48,"column":56}},"48":{"start":{"line":49,"column":0},"end":{"line":49,"column":54}},"49":{"start":{"line":50,"column":0},"end":{"line":50,"column":88}},"50":{"start":{"line":51,"column":0},"end":{"line":51,"column":6}},"51":{"start":{"line":52,"column":0},"end":{"line":52,"column":4}},"52":{"start":{"line":53,"column":0},"end":{"line":53,"column":10}},"53":{"start":{"line":54,"column":0},"end":{"line":54,"column":20}},"54":{"start":{"line":55,"column":0},"end":{"line":55,"column":19}},"55":{"start":{"line":56,"column":0},"end":{"line":56,"column":21}},"56":{"start":{"line":57,"column":0},"end":{"line":57,"column":20}},"57":{"start":{"line":58,"column":0},"end":{"line":58,"column":18}},"58":{"start":{"line":59,"column":0},"end":{"line":59,"column":20}},"59":{"start":{"line":60,"column":0},"end":{"line":60,"column":20}},"60":{"start":{"line":61,"column":0},"end":{"line":61,"column":18}},"61":{"start":{"line":62,"column":0},"end":{"line":62,"column":32}},"62":{"start":{"line":63,"column":0},"end":{"line":63,"column":79}},"63":{"start":{"line":64,"column":0},"end":{"line":64,"column":4}},"64":{"start":{"line":65,"column":0},"end":{"line":65,"column":1}},"76":{"start":{"line":77,"column":0},"end":{"line":77,"column":40}},"77":{"start":{"line":78,"column":0},"end":{"line":78,"column":24}},"78":{"start":{"line":79,"column":0},"end":{"line":79,"column":18}},"79":{"start":{"line":80,"column":0},"end":{"line":80,"column":31}},"80":{"start":{"line":81,"column":0},"end":{"line":81,"column":47}},"81":{"start":{"line":82,"column":0},"end":{"line":82,"column":16}},"82":{"start":{"line":83,"column":0},"end":{"line":83,"column":16}},"83":{"start":{"line":84,"column":0},"end":{"line":84,"column":28}},"84":{"start":{"line":85,"column":0},"end":{"line":85,"column":92}},"85":{"start":{"line":86,"column":0},"end":{"line":86,"column":20}},"86":{"start":{"line":87,"column":0},"end":{"line":87,"column":76}},"87":{"start":{"line":88,"column":0},"end":{"line":88,"column":36}},"88":{"start":{"line":89,"column":0},"end":{"line":89,"column":31}},"89":{"start":{"line":90,"column":0},"end":{"line":90,"column":3}},"90":{"start":{"line":91,"column":0},"end":{"line":91,"column":13}},"91":{"start":{"line":92,"column":0},"end":{"line":92,"column":1}}},"s":{"31":1,"32":8,"33":8,"34":8,"35":8,"36":8,"37":8,"38":8,"39":8,"40":8,"41":8,"42":8,"44":8,"45":8,"46":8,"47":8,"48":8,"49":8,"50":8,"51":8,"52":8,"53":8,"54":8,"55":8,"56":8,"57":8,"58":8,"59":8,"60":8,"61":8,"62":8,"63":8,"64":8,"76":1,"77":2,"78":2,"79":2,"80":2,"81":2,"82":2,"83":2,"84":5,"85":4,"86":4,"87":4,"88":4,"89":4,"90":1,"91":1},"branchMap":{"0":{"type":"branch","line":32,"loc":{"start":{"line":32,"column":7},"end":{"line":65,"column":1}},"locations":[{"start":{"line":32,"column":7},"end":{"line":65,"column":1}}]},"1":{"type":"branch","line":38,"loc":{"start":{"line":38,"column":35},"end":{"line":38,"column":87}},"locations":[{"start":{"line":38,"column":35},"end":{"line":38,"column":87}}]},"2":{"type":"branch","line":38,"loc":{"start":{"line":38,"column":53},"end":{"line":38,"column":87}},"locations":[{"start":{"line":38,"column":53},"end":{"line":38,"column":87}}]},"3":{"type":"branch","line":39,"loc":{"start":{"line":39,"column":42},"end":{"line":39,"column":69}},"locations":[{"start":{"line":39,"column":42},"end":{"line":39,"column":69}}]},"4":{"type":"branch","line":40,"loc":{"start":{"line":40,"column":41},"end":{"line":40,"column":67}},"locations":[{"start":{"line":40,"column":41},"end":{"line":40,"column":67}}]},"5":{"type":"branch","line":41,"loc":{"start":{"line":41,"column":38},"end":{"line":41,"column":59}},"locations":[{"start":{"line":41,"column":38},"end":{"line":41,"column":59}}]},"6":{"type":"branch","line":42,"loc":{"start":{"line":42,"column":45},"end":{"line":42,"column":72}},"locations":[{"start":{"line":42,"column":45},"end":{"line":42,"column":72}}]},"7":{"type":"branch","line":43,"loc":{"start":{"line":43,"column":44},"end":{"line":43,"column":70}},"locations":[{"start":{"line":43,"column":44},"end":{"line":43,"column":70}}]},"8":{"type":"branch","line":50,"loc":{"start":{"line":50,"column":4},"end":{"line":50,"column":88}},"locations":[{"start":{"line":50,"column":4},"end":{"line":50,"column":88}}]},"9":{"type":"branch","line":50,"loc":{"start":{"line":50,"column":44},"end":{"line":50,"column":85}},"locations":[{"start":{"line":50,"column":44},"end":{"line":50,"column":85}}]},"10":{"type":"branch","line":50,"loc":{"start":{"line":50,"column":71},"end":{"line":50,"column":88}},"locations":[{"start":{"line":50,"column":71},"end":{"line":50,"column":88}}]},"11":{"type":"branch","line":77,"loc":{"start":{"line":77,"column":7},"end":{"line":92,"column":1}},"locations":[{"start":{"line":77,"column":7},"end":{"line":92,"column":1}}]},"12":{"type":"branch","line":84,"loc":{"start":{"line":84,"column":27},"end":{"line":90,"column":3}},"locations":[{"start":{"line":84,"column":27},"end":{"line":90,"column":3}}]},"13":{"type":"branch","line":85,"loc":{"start":{"line":85,"column":26},"end":{"line":85,"column":92}},"locations":[{"start":{"line":85,"column":26},"end":{"line":85,"column":92}}]},"14":{"type":"branch","line":85,"loc":{"start":{"line":85,"column":90},"end":{"line":90,"column":3}},"locations":[{"start":{"line":85,"column":90},"end":{"line":90,"column":3}}]},"15":{"type":"branch","line":90,"loc":{"start":{"line":90,"column":2},"end":{"line":92,"column":1}},"locations":[{"start":{"line":90,"column":2},"end":{"line":92,"column":1}}]}},"b":{"0":[8],"1":[7],"2":[6],"3":[5],"4":[5],"5":[4],"6":[3],"7":[3],"8":[5],"9":[1],"10":[4],"11":[2],"12":[5],"13":[1],"14":[4],"15":[1]},"fnMap":{"0":{"name":"computePeriodSummary","decl":{"start":{"line":32,"column":7},"end":{"line":65,"column":1}},"loc":{"start":{"line":32,"column":7},"end":{"line":65,"column":1}},"line":32},"1":{"name":"computeChainedSummaries","decl":{"start":{"line":77,"column":7},"end":{"line":92,"column":1}},"loc":{"start":{"line":77,"column":7},"end":{"line":92,"column":1}},"line":77}},"f":{"0":8,"1":2}}
}
